<?xml version="1.0" encoding="UTF-8"?>
<!-- Generated by org.testng.reporters.JUnitXMLReporter -->
<testsuite ignored="2" hostname="DESKTOP-P1542NS" failures="1" tests="2" name="Test" time="23.533" errors="0" timestamp="2022-08-04T22:42:36 IST">
  <testcase classname="com.SauceDemo.TestClasses.VerifyLoginPageFunctionality" name="CheckLoginFunctionality" time="3.016"/>
  <testcase classname="com.SauceDemo.TestClasses.AddToCart" name="VerifyATCFunctionality" time="0.0">
    <failure type="java.lang.NullPointerException" message="Cannot invoke &amp;quot;org.openqa.selenium.SearchContext.findElement(org.openqa.selenium.By)&amp;quot; because &amp;quot;this.searchContext&amp;quot; is null">
      <![CDATA[java.lang.NullPointerException: Cannot invoke "org.openqa.selenium.SearchContext.findElement(org.openqa.selenium.By)" because "this.searchContext" is null
at org.openqa.selenium.support.pagefactory.DefaultElementLocator.findElement(DefaultElementLocator.java:69)
at org.openqa.selenium.support.pagefactory.internal.LocatingElementHandler.invoke(LocatingElementHandler.java:38)
at jdk.proxy2/jdk.proxy2.$Proxy12.click(Unknown Source)
at com.SauceDemo.PomClasses.HomePagePOMclass.bagPack(HomePagePOMclass.java:57)
at com.SauceDemo.TestClasses.AddToCart.VerifyATCFunctionality(AddToCart.java:25)
at java.base/java.util.ArrayList.forEach(ArrayList.java:1511)
... Removed 27 stack frames]]>
    </failure>
  </testcase> <!-- VerifyATCFunctionality -->
  <testcase classname="com.SauceDemo.TestClasses.TestBaseClass" name="@BeforeTest BeforeTestClass" time="0.0">
    <ignored/>
  </testcase> <!-- @BeforeTest BeforeTestClass -->
  <testcase classname="com.SauceDemo.TestClasses.TestBaseClass" name="@AfterTest AfterTestAnnot" time="0.0">
    <ignored/>
  </testcase> <!-- @AfterTest AfterTestAnnot -->
</testsuite> <!-- Test -->
